0 info it worked if it ends with ok
1 verbose cli [ 'node',
1 verbose cli   '/usr/local/bin/npm',
1 verbose cli   'install',
1 verbose cli   'sassyfilters',
1 verbose cli   '--save' ]
2 info using npm@1.4.11
3 info using node@v0.10.28
4 verbose node symlink /usr/local/bin/node
5 verbose cache add [ 'sassyfilters', null ]
6 verbose cache add name=undefined spec="sassyfilters" args=["sassyfilters",null]
7 verbose parsed url { protocol: null,
7 verbose parsed url   slashes: null,
7 verbose parsed url   auth: null,
7 verbose parsed url   host: null,
7 verbose parsed url   port: null,
7 verbose parsed url   hostname: null,
7 verbose parsed url   hash: null,
7 verbose parsed url   search: null,
7 verbose parsed url   query: null,
7 verbose parsed url   pathname: 'sassyfilters',
7 verbose parsed url   path: 'sassyfilters',
7 verbose parsed url   href: 'sassyfilters' }
8 silly lockFile a350ed8e-sassyfilters sassyfilters
9 verbose lock sassyfilters /Users/rayarvin/.npm/a350ed8e-sassyfilters.lock
10 silly lockFile a350ed8e-sassyfilters sassyfilters
11 silly lockFile a350ed8e-sassyfilters sassyfilters
12 verbose addNamed [ 'sassyfilters', '' ]
13 verbose addNamed [ null, '*' ]
14 silly lockFile 74e4f6ae-sassyfilters sassyfilters@
15 verbose lock sassyfilters@ /Users/rayarvin/.npm/74e4f6ae-sassyfilters.lock
16 silly addNameRange { name: 'sassyfilters', range: '*', hasData: false }
17 verbose url raw sassyfilters
18 verbose url resolving [ 'https://registry.npmjs.org/', './sassyfilters' ]
19 verbose url resolved https://registry.npmjs.org/sassyfilters
20 info trying registry request attempt 1 at 15:15:12
21 http GET https://registry.npmjs.org/sassyfilters
22 http 200 https://registry.npmjs.org/sassyfilters
23 silly registry.get cb [ 200,
23 silly registry.get   { date: 'Mon, 13 Oct 2014 07:15:14 GMT',
23 silly registry.get     server: 'CouchDB/1.5.0 (Erlang OTP/R16B03)',
23 silly registry.get     etag: '"5MECE3TB2YX97VMPYWZ91ZN03"',
23 silly registry.get     'content-type': 'application/json',
23 silly registry.get     'cache-control': 'max-age=60',
23 silly registry.get     'content-length': '15745',
23 silly registry.get     'accept-ranges': 'bytes',
23 silly registry.get     via: '1.1 varnish',
23 silly registry.get     age: '0',
23 silly registry.get     'x-served-by': 'cache-sn89-SIN',
23 silly registry.get     'x-cache': 'MISS',
23 silly registry.get     'x-cache-hits': '0',
23 silly registry.get     'x-timer': 'S1413184512.948240,VS0,VE1240',
23 silly registry.get     vary: 'Accept',
23 silly registry.get     'keep-alive': 'timeout=10, max=50',
23 silly registry.get     connection: 'Keep-Alive' } ]
24 silly addNameRange number 2 { name: 'sassyfilters', range: '*', hasData: true }
25 silly addNameRange versions [ 'sassyfilters',
25 silly addNameRange   [ '0.0.1',
25 silly addNameRange     '0.0.2',
25 silly addNameRange     '0.0.3',
25 silly addNameRange     '0.0.4',
25 silly addNameRange     '0.1.0',
25 silly addNameRange     '0.1.1',
25 silly addNameRange     '0.1.2',
25 silly addNameRange     '0.1.3',
25 silly addNameRange     '0.1.4' ] ]
26 verbose addNamed [ 'sassyfilters', '0.1.4' ]
27 verbose addNamed [ '0.1.4', '0.1.4' ]
28 silly lockFile e7cd6265-sassyfilters-0-1-4 sassyfilters@0.1.4
29 verbose lock sassyfilters@0.1.4 /Users/rayarvin/.npm/e7cd6265-sassyfilters-0-1-4.lock
30 silly lockFile ad1e6304-syfilters-sassyfilters-0-1-4-tgz https://registry.npmjs.org/sassyfilters/-/sassyfilters-0.1.4.tgz
31 verbose lock https://registry.npmjs.org/sassyfilters/-/sassyfilters-0.1.4.tgz /Users/rayarvin/.npm/ad1e6304-syfilters-sassyfilters-0-1-4-tgz.lock
32 verbose addRemoteTarball [ 'https://registry.npmjs.org/sassyfilters/-/sassyfilters-0.1.4.tgz',
32 verbose addRemoteTarball   'ef11ab8fc215b717d17b31af2773abc8faced931' ]
33 info retry fetch attempt 1 at 15:15:14
34 verbose fetch to= /var/folders/rs/jpc20djj0x157mprhvdx1syc0000gn/T/npm-47929-oDSzNsjh/registry.npmjs.org/sassyfilters/-/sassyfilters-0.1.4.tgz
35 http GET https://registry.npmjs.org/sassyfilters/-/sassyfilters-0.1.4.tgz
36 http 200 https://registry.npmjs.org/sassyfilters/-/sassyfilters-0.1.4.tgz
37 silly lockFile ad1e6304-syfilters-sassyfilters-0-1-4-tgz https://registry.npmjs.org/sassyfilters/-/sassyfilters-0.1.4.tgz
38 silly lockFile ad1e6304-syfilters-sassyfilters-0-1-4-tgz https://registry.npmjs.org/sassyfilters/-/sassyfilters-0.1.4.tgz
39 silly lockFile e7cd6265-sassyfilters-0-1-4 sassyfilters@0.1.4
40 silly lockFile e7cd6265-sassyfilters-0-1-4 sassyfilters@0.1.4
41 silly lockFile 74e4f6ae-sassyfilters sassyfilters@
42 silly lockFile 74e4f6ae-sassyfilters sassyfilters@
43 silly resolved [ { name: 'sassyfilters',
43 silly resolved     title: 'SassyFilters',
43 silly resolved     version: '0.1.4',
43 silly resolved     keywords: [ 'sass', 'scss', 'css', 'filters', 'svg' ],
43 silly resolved     homepage: 'https://github.com/pascalduez/SassyFilters',
43 silly resolved     bugs: { url: 'https://github.com/pascalduez/SassyFilters/issues' },
43 silly resolved     author: { name: 'Pascal Duez', url: 'https://github.com/pascalduez' },
43 silly resolved     repository:
43 silly resolved      { type: 'git',
43 silly resolved        url: 'git://github.com/pascalduez/SassyFilters.git' },
43 silly resolved     devDependencies:
43 silly resolved      { grunt: '^0.4.5',
43 silly resolved        'grunt-autoprefixer': '^0.7.3',
43 silly resolved        'grunt-browser-sync': '^0.9.1',
43 silly resolved        'grunt-bump': '0.0.13',
43 silly resolved        'grunt-contrib-concat': '^0.4.0',
43 silly resolved        'grunt-contrib-sass': '^0.7.3',
43 silly resolved        'grunt-contrib-watch': '^0.6.1',
43 silly resolved        'grunt-gh-pages': '^0.9.1',
43 silly resolved        'load-grunt-tasks': '^0.4.0',
43 silly resolved        'time-grunt': '^0.3.1' },
43 silly resolved     engines: { node: '>=0.10.0' },
43 silly resolved     license: { type: 'MIT', url: 'http://opensource.org/licenses/MIT' },
43 silly resolved     scripts: { install: 'bundle install --path .', test: 'grunt test' },
43 silly resolved     description: 'Cross-Browser configurable CSS-SVG filters.',
43 silly resolved     _id: 'sassyfilters@0.1.4',
43 silly resolved     _shasum: 'ef11ab8fc215b717d17b31af2773abc8faced931',
43 silly resolved     _from: 'sassyfilters@',
43 silly resolved     _npmVersion: '1.4.10',
43 silly resolved     _npmUser: { name: 'pascalduez', email: 'public@pascalduez.me' },
43 silly resolved     maintainers: [ [Object] ],
43 silly resolved     dist:
43 silly resolved      { shasum: 'ef11ab8fc215b717d17b31af2773abc8faced931',
43 silly resolved        tarball: 'http://registry.npmjs.org/sassyfilters/-/sassyfilters-0.1.4.tgz' },
43 silly resolved     directories: {},
43 silly resolved     _resolved: 'https://registry.npmjs.org/sassyfilters/-/sassyfilters-0.1.4.tgz' } ]
44 info install sassyfilters@0.1.4 into /Users/rayarvin/repos/veb/VEBSITE/vebsite
45 info installOne sassyfilters@0.1.4
46 info /Users/rayarvin/repos/veb/VEBSITE/vebsite/node_modules/sassyfilters unbuild
47 verbose tar unpack /Users/rayarvin/.npm/sassyfilters/0.1.4/package.tgz
48 silly lockFile 464e7ec5-ebsite-node-modules-sassyfilters tar:///Users/rayarvin/repos/veb/VEBSITE/vebsite/node_modules/sassyfilters
49 verbose lock tar:///Users/rayarvin/repos/veb/VEBSITE/vebsite/node_modules/sassyfilters /Users/rayarvin/.npm/464e7ec5-ebsite-node-modules-sassyfilters.lock
50 silly lockFile 234d0a53-m-sassyfilters-0-1-4-package-tgz tar:///Users/rayarvin/.npm/sassyfilters/0.1.4/package.tgz
51 verbose lock tar:///Users/rayarvin/.npm/sassyfilters/0.1.4/package.tgz /Users/rayarvin/.npm/234d0a53-m-sassyfilters-0-1-4-package-tgz.lock
52 silly gunzTarPerm modes [ '755', '644' ]
53 silly gunzTarPerm extractEntry package.json
54 silly gunzTarPerm extractEntry .npmignore
55 silly gunzTarPerm extractEntry README.md
56 silly gunzTarPerm extractEntry LICENSE
57 silly gunzTarPerm extractEntry .sass-cache/9cc1b08c1afff9b6e361b27e7e89e3450b9f096b/_disable-filter.scssc
58 silly gunzTarPerm modified mode [ '.sass-cache/9cc1b08c1afff9b6e361b27e7e89e3450b9f096b/_disable-filter.scssc',
58 silly gunzTarPerm   384,
58 silly gunzTarPerm   420 ]
59 silly gunzTarPerm extractEntry .sass-cache/9cc1b08c1afff9b6e361b27e7e89e3450b9f096b/_helpers.scssc
60 silly gunzTarPerm modified mode [ '.sass-cache/9cc1b08c1afff9b6e361b27e7e89e3450b9f096b/_helpers.scssc',
60 silly gunzTarPerm   384,
60 silly gunzTarPerm   420 ]
61 silly gunzTarPerm extractEntry .sass-cache/9cc1b08c1afff9b6e361b27e7e89e3450b9f096b/_svg-filter.scssc
62 silly gunzTarPerm modified mode [ '.sass-cache/9cc1b08c1afff9b6e361b27e7e89e3450b9f096b/_svg-filter.scssc',
62 silly gunzTarPerm   384,
62 silly gunzTarPerm   420 ]
63 silly gunzTarPerm extractEntry .sass-cache/167e47944f6c5aa1f0b00282682e3843699602a1/test-filters.scssc
64 silly gunzTarPerm modified mode [ '.sass-cache/167e47944f6c5aa1f0b00282682e3843699602a1/test-filters.scssc',
64 silly gunzTarPerm   384,
64 silly gunzTarPerm   420 ]
65 silly gunzTarPerm extractEntry .sass-cache/3b1e53fa3eac28e675e1c2f07fde14c5209f86c5/test-filters.scssc
66 silly gunzTarPerm modified mode [ '.sass-cache/3b1e53fa3eac28e675e1c2f07fde14c5209f86c5/test-filters.scssc',
66 silly gunzTarPerm   384,
66 silly gunzTarPerm   420 ]
67 silly gunzTarPerm extractEntry .sass-cache/42565006202baa9a7adde6f2149c3d57f88fefa4/_disable-filter.scssc
68 silly gunzTarPerm modified mode [ '.sass-cache/42565006202baa9a7adde6f2149c3d57f88fefa4/_disable-filter.scssc',
68 silly gunzTarPerm   384,
68 silly gunzTarPerm   420 ]
69 silly gunzTarPerm extractEntry .sass-cache/42565006202baa9a7adde6f2149c3d57f88fefa4/_filters.scssc
70 silly gunzTarPerm modified mode [ '.sass-cache/42565006202baa9a7adde6f2149c3d57f88fefa4/_filters.scssc',
70 silly gunzTarPerm   384,
70 silly gunzTarPerm   420 ]
71 silly gunzTarPerm extractEntry .sass-cache/42565006202baa9a7adde6f2149c3d57f88fefa4/_helpers.scssc
72 silly gunzTarPerm modified mode [ '.sass-cache/42565006202baa9a7adde6f2149c3d57f88fefa4/_helpers.scssc',
72 silly gunzTarPerm   384,
72 silly gunzTarPerm   420 ]
73 silly gunzTarPerm extractEntry .sass-cache/42565006202baa9a7adde6f2149c3d57f88fefa4/_svg-filter.scssc
74 silly gunzTarPerm modified mode [ '.sass-cache/42565006202baa9a7adde6f2149c3d57f88fefa4/_svg-filter.scssc',
74 silly gunzTarPerm   384,
74 silly gunzTarPerm   420 ]
75 silly gunzTarPerm extractEntry .sass-cache/42565006202baa9a7adde6f2149c3d57f88fefa4/_svg.scssc
76 silly gunzTarPerm modified mode [ '.sass-cache/42565006202baa9a7adde6f2149c3d57f88fefa4/_svg.scssc',
76 silly gunzTarPerm   384,
76 silly gunzTarPerm   420 ]
77 silly gunzTarPerm extractEntry .sass-cache/4b735b35dc1936413d64b887f57de13f1f88b0e3/_disable-filter.scssc
78 silly gunzTarPerm modified mode [ '.sass-cache/4b735b35dc1936413d64b887f57de13f1f88b0e3/_disable-filter.scssc',
78 silly gunzTarPerm   384,
78 silly gunzTarPerm   420 ]
79 silly gunzTarPerm extractEntry .sass-cache/4b735b35dc1936413d64b887f57de13f1f88b0e3/_filters.scssc
80 silly gunzTarPerm modified mode [ '.sass-cache/4b735b35dc1936413d64b887f57de13f1f88b0e3/_filters.scssc',
80 silly gunzTarPerm   384,
80 silly gunzTarPerm   420 ]
81 silly gunzTarPerm extractEntry .sass-cache/4b735b35dc1936413d64b887f57de13f1f88b0e3/_output.scssc
82 silly gunzTarPerm modified mode [ '.sass-cache/4b735b35dc1936413d64b887f57de13f1f88b0e3/_output.scssc',
82 silly gunzTarPerm   384,
82 silly gunzTarPerm   420 ]
83 silly gunzTarPerm extractEntry .sass-cache/4b735b35dc1936413d64b887f57de13f1f88b0e3/_svg-filter.scssc
84 silly gunzTarPerm modified mode [ '.sass-cache/4b735b35dc1936413d64b887f57de13f1f88b0e3/_svg-filter.scssc',
84 silly gunzTarPerm   384,
84 silly gunzTarPerm   420 ]
85 silly gunzTarPerm extractEntry .sass-cache/4ef6949ab5986b6c1685e675b24b7c70a7460c61/_SassyFilters.scssc
86 silly gunzTarPerm modified mode [ '.sass-cache/4ef6949ab5986b6c1685e675b24b7c70a7460c61/_SassyFilters.scssc',
86 silly gunzTarPerm   384,
86 silly gunzTarPerm   420 ]
87 silly gunzTarPerm extractEntry .sass-cache/329788edd341d593772eee689e40961e59d1c2e1/_SassyFilters.scssc
88 silly gunzTarPerm modified mode [ '.sass-cache/329788edd341d593772eee689e40961e59d1c2e1/_SassyFilters.scssc',
88 silly gunzTarPerm   384,
88 silly gunzTarPerm   420 ]
89 silly gunzTarPerm extractEntry .sass-cache/a65cbd5231fc41a9e04e208076b79fb3dad5154b/_blur.scssc
90 silly gunzTarPerm modified mode [ '.sass-cache/a65cbd5231fc41a9e04e208076b79fb3dad5154b/_blur.scssc',
90 silly gunzTarPerm   384,
90 silly gunzTarPerm   420 ]
91 silly gunzTarPerm extractEntry .sass-cache/a65cbd5231fc41a9e04e208076b79fb3dad5154b/_brightness.scssc
92 silly gunzTarPerm modified mode [ '.sass-cache/a65cbd5231fc41a9e04e208076b79fb3dad5154b/_brightness.scssc',
92 silly gunzTarPerm   384,
92 silly gunzTarPerm   420 ]
93 silly gunzTarPerm extractEntry .sass-cache/a65cbd5231fc41a9e04e208076b79fb3dad5154b/_contrast.scssc
94 silly gunzTarPerm modified mode [ '.sass-cache/a65cbd5231fc41a9e04e208076b79fb3dad5154b/_contrast.scssc',
94 silly gunzTarPerm   384,
94 silly gunzTarPerm   420 ]
95 silly gunzTarPerm extractEntry .sass-cache/a65cbd5231fc41a9e04e208076b79fb3dad5154b/_drop-shadow.scssc
96 silly gunzTarPerm modified mode [ '.sass-cache/a65cbd5231fc41a9e04e208076b79fb3dad5154b/_drop-shadow.scssc',
96 silly gunzTarPerm   384,
96 silly gunzTarPerm   420 ]
97 silly gunzTarPerm extractEntry .sass-cache/a65cbd5231fc41a9e04e208076b79fb3dad5154b/_grayscale.scssc
98 silly gunzTarPerm modified mode [ '.sass-cache/a65cbd5231fc41a9e04e208076b79fb3dad5154b/_grayscale.scssc',
98 silly gunzTarPerm   384,
98 silly gunzTarPerm   420 ]
99 silly gunzTarPerm extractEntry .sass-cache/a65cbd5231fc41a9e04e208076b79fb3dad5154b/_hue-rotate.scssc
100 silly gunzTarPerm modified mode [ '.sass-cache/a65cbd5231fc41a9e04e208076b79fb3dad5154b/_hue-rotate.scssc',
100 silly gunzTarPerm   384,
100 silly gunzTarPerm   420 ]
101 silly gunzTarPerm extractEntry .sass-cache/a65cbd5231fc41a9e04e208076b79fb3dad5154b/_invert.scssc
102 silly gunzTarPerm modified mode [ '.sass-cache/a65cbd5231fc41a9e04e208076b79fb3dad5154b/_invert.scssc',
102 silly gunzTarPerm   384,
102 silly gunzTarPerm   420 ]
103 silly gunzTarPerm extractEntry .sass-cache/a65cbd5231fc41a9e04e208076b79fb3dad5154b/_opacity.scssc
104 silly gunzTarPerm modified mode [ '.sass-cache/a65cbd5231fc41a9e04e208076b79fb3dad5154b/_opacity.scssc',
104 silly gunzTarPerm   384,
104 silly gunzTarPerm   420 ]
105 silly gunzTarPerm extractEntry .sass-cache/a65cbd5231fc41a9e04e208076b79fb3dad5154b/_saturate.scssc
106 silly gunzTarPerm modified mode [ '.sass-cache/a65cbd5231fc41a9e04e208076b79fb3dad5154b/_saturate.scssc',
106 silly gunzTarPerm   384,
106 silly gunzTarPerm   420 ]
107 silly gunzTarPerm extractEntry .sass-cache/a65cbd5231fc41a9e04e208076b79fb3dad5154b/_sepia.scssc
108 silly gunzTarPerm modified mode [ '.sass-cache/a65cbd5231fc41a9e04e208076b79fb3dad5154b/_sepia.scssc',
108 silly gunzTarPerm   384,
108 silly gunzTarPerm   420 ]
109 silly gunzTarPerm extractEntry .sass-cache/a7322ee084003773f462b5c8b1cb53b0193ccad4/_Sassy-filters.scssc
110 silly gunzTarPerm modified mode [ '.sass-cache/a7322ee084003773f462b5c8b1cb53b0193ccad4/_Sassy-filters.scssc',
110 silly gunzTarPerm   384,
110 silly gunzTarPerm   420 ]
111 silly gunzTarPerm extractEntry .sass-cache/dbaaf0a311dcb751e6eef898a93c7aa21c4ec73d/_config.scssc
112 silly gunzTarPerm modified mode [ '.sass-cache/dbaaf0a311dcb751e6eef898a93c7aa21c4ec73d/_config.scssc',
112 silly gunzTarPerm   384,
112 silly gunzTarPerm   420 ]
113 silly gunzTarPerm extractEntry .sass-cache/dfbc7000c766ea4c124559565fdece65e3250ecf/_grayscale.scssc
114 silly gunzTarPerm modified mode [ '.sass-cache/dfbc7000c766ea4c124559565fdece65e3250ecf/_grayscale.scssc',
114 silly gunzTarPerm   384,
114 silly gunzTarPerm   420 ]
115 silly gunzTarPerm extractEntry .sass-cache/dfbc7000c766ea4c124559565fdece65e3250ecf/_blur.scssc
116 silly gunzTarPerm modified mode [ '.sass-cache/dfbc7000c766ea4c124559565fdece65e3250ecf/_blur.scssc',
116 silly gunzTarPerm   384,
116 silly gunzTarPerm   420 ]
117 silly gunzTarPerm extractEntry .sass-cache/dfbc7000c766ea4c124559565fdece65e3250ecf/_contrast.scssc
118 silly gunzTarPerm modified mode [ '.sass-cache/dfbc7000c766ea4c124559565fdece65e3250ecf/_contrast.scssc',
118 silly gunzTarPerm   384,
118 silly gunzTarPerm   420 ]
119 silly gunzTarPerm extractEntry .sass-cache/dfbc7000c766ea4c124559565fdece65e3250ecf/_drop-shadow.scssc
120 silly gunzTarPerm modified mode [ '.sass-cache/dfbc7000c766ea4c124559565fdece65e3250ecf/_drop-shadow.scssc',
120 silly gunzTarPerm   384,
120 silly gunzTarPerm   420 ]
121 silly gunzTarPerm extractEntry .sass-cache/dfbc7000c766ea4c124559565fdece65e3250ecf/_filters.scssc
122 silly gunzTarPerm modified mode [ '.sass-cache/dfbc7000c766ea4c124559565fdece65e3250ecf/_filters.scssc',
122 silly gunzTarPerm   384,
122 silly gunzTarPerm   420 ]
123 silly gunzTarPerm extractEntry .sass-cache/dfbc7000c766ea4c124559565fdece65e3250ecf/_brightness.scssc
124 silly gunzTarPerm modified mode [ '.sass-cache/dfbc7000c766ea4c124559565fdece65e3250ecf/_brightness.scssc',
124 silly gunzTarPerm   384,
124 silly gunzTarPerm   420 ]
125 silly gunzTarPerm extractEntry .sass-cache/dfbc7000c766ea4c124559565fdece65e3250ecf/_hue-rotate.scssc
126 silly gunzTarPerm modified mode [ '.sass-cache/dfbc7000c766ea4c124559565fdece65e3250ecf/_hue-rotate.scssc',
126 silly gunzTarPerm   384,
126 silly gunzTarPerm   420 ]
127 silly gunzTarPerm extractEntry .sass-cache/dfbc7000c766ea4c124559565fdece65e3250ecf/_invert.scssc
128 silly gunzTarPerm modified mode [ '.sass-cache/dfbc7000c766ea4c124559565fdece65e3250ecf/_invert.scssc',
128 silly gunzTarPerm   384,
128 silly gunzTarPerm   420 ]
129 silly gunzTarPerm extractEntry .sass-cache/dfbc7000c766ea4c124559565fdece65e3250ecf/_opacity.scssc
130 silly gunzTarPerm modified mode [ '.sass-cache/dfbc7000c766ea4c124559565fdece65e3250ecf/_opacity.scssc',
130 silly gunzTarPerm   384,
130 silly gunzTarPerm   420 ]
131 silly gunzTarPerm extractEntry .sass-cache/dfbc7000c766ea4c124559565fdece65e3250ecf/_saturate.scssc
132 silly gunzTarPerm modified mode [ '.sass-cache/dfbc7000c766ea4c124559565fdece65e3250ecf/_saturate.scssc',
132 silly gunzTarPerm   384,
132 silly gunzTarPerm   420 ]
133 silly gunzTarPerm extractEntry .sass-cache/dfbc7000c766ea4c124559565fdece65e3250ecf/_sepia.scssc
134 silly gunzTarPerm modified mode [ '.sass-cache/dfbc7000c766ea4c124559565fdece65e3250ecf/_sepia.scssc',
134 silly gunzTarPerm   384,
134 silly gunzTarPerm   420 ]
135 silly gunzTarPerm extractEntry .sass-cache/ea531a994d19927c74fccc7c55ada82632a02ad6/_config.scssc
136 silly gunzTarPerm modified mode [ '.sass-cache/ea531a994d19927c74fccc7c55ada82632a02ad6/_config.scssc',
136 silly gunzTarPerm   384,
136 silly gunzTarPerm   420 ]
137 silly gunzTarPerm extractEntry .sass-cache/ea531a994d19927c74fccc7c55ada82632a02ad6/_filters.scssc
138 silly gunzTarPerm modified mode [ '.sass-cache/ea531a994d19927c74fccc7c55ada82632a02ad6/_filters.scssc',
138 silly gunzTarPerm   384,
138 silly gunzTarPerm   420 ]
139 silly gunzTarPerm extractEntry CHANGELOG.md
140 silly gunzTarPerm extractEntry CONTRIBUTING.md
141 silly gunzTarPerm extractEntry .bundle/config
142 silly gunzTarPerm extractEntry .editorconfig
143 silly gunzTarPerm extractEntry dist/_SassyFilters.scss
144 silly gunzTarPerm extractEntry lib/SassyFilters.rb
145 silly gunzTarPerm extractEntry lib/helpers.rb
146 silly gunzTarPerm extractEntry stylesheets/_SassyFilters.scss
147 silly gunzTarPerm extractEntry stylesheets/config/_config.scss
148 silly gunzTarPerm extractEntry stylesheets/config/_filters.scss
149 silly gunzTarPerm extractEntry stylesheets/filters/_grayscale.scss
150 silly gunzTarPerm extractEntry stylesheets/filters/_blur.scss
151 silly gunzTarPerm extractEntry stylesheets/filters/_contrast.scss
152 silly gunzTarPerm extractEntry stylesheets/filters/_custom.scss
153 silly gunzTarPerm extractEntry stylesheets/filters/_drop-shadow.scss
154 silly gunzTarPerm extractEntry stylesheets/filters/_brightness.scss
155 silly gunzTarPerm extractEntry stylesheets/filters/_hue-rotate.scss
156 silly gunzTarPerm extractEntry stylesheets/filters/_invert.scss
157 silly gunzTarPerm extractEntry stylesheets/filters/_opacity.scss
158 silly gunzTarPerm extractEntry stylesheets/filters/_saturate.scss
159 silly gunzTarPerm extractEntry stylesheets/filters/_sepia.scss
160 silly gunzTarPerm extractEntry stylesheets/helpers/_filters.scss
161 silly gunzTarPerm extractEntry stylesheets/helpers/_helpers.scss
162 silly gunzTarPerm extractEntry stylesheets/helpers/_svg.scss
163 silly gunzTarPerm extractEntry stylesheets/output/_disable-filter.scss
164 silly gunzTarPerm extractEntry stylesheets/output/_filters.scss
165 silly gunzTarPerm extractEntry stylesheets/output/_output.scss
166 silly gunzTarPerm extractEntry stylesheets/output/_svg-filter.scss
167 silly gunzTarPerm extractEntry .grunt/grunt-gh-pages/gh-pages/src/css/test-filters.css
168 silly gunzTarPerm extractEntry .grunt/grunt-gh-pages/gh-pages/src/img/image.jpg
169 silly gunzTarPerm extractEntry .grunt/grunt-gh-pages/gh-pages/src/index.html
170 silly lockFile 464e7ec5-ebsite-node-modules-sassyfilters tar:///Users/rayarvin/repos/veb/VEBSITE/vebsite/node_modules/sassyfilters
171 silly lockFile 464e7ec5-ebsite-node-modules-sassyfilters tar:///Users/rayarvin/repos/veb/VEBSITE/vebsite/node_modules/sassyfilters
172 silly lockFile 234d0a53-m-sassyfilters-0-1-4-package-tgz tar:///Users/rayarvin/.npm/sassyfilters/0.1.4/package.tgz
173 silly lockFile 234d0a53-m-sassyfilters-0-1-4-package-tgz tar:///Users/rayarvin/.npm/sassyfilters/0.1.4/package.tgz
174 info preinstall sassyfilters@0.1.4
175 verbose readDependencies using package.json deps
176 verbose readDependencies using package.json deps
177 silly resolved []
178 verbose about to build /Users/rayarvin/repos/veb/VEBSITE/vebsite/node_modules/sassyfilters
179 info build /Users/rayarvin/repos/veb/VEBSITE/vebsite/node_modules/sassyfilters
180 verbose linkStuff [ false,
180 verbose linkStuff   false,
180 verbose linkStuff   false,
180 verbose linkStuff   '/Users/rayarvin/repos/veb/VEBSITE/vebsite/node_modules' ]
181 info linkStuff sassyfilters@0.1.4
182 verbose linkBins sassyfilters@0.1.4
183 verbose linkMans sassyfilters@0.1.4
184 verbose rebuildBundles sassyfilters@0.1.4
185 info install sassyfilters@0.1.4
186 verbose unsafe-perm in lifecycle true
187 info sassyfilters@0.1.4 Failed to exec install script
188 info /Users/rayarvin/repos/veb/VEBSITE/vebsite/node_modules/sassyfilters unbuild
189 info preuninstall sassyfilters@0.1.4
190 info uninstall sassyfilters@0.1.4
191 verbose true,/Users/rayarvin/repos/veb/VEBSITE/vebsite/node_modules,/Users/rayarvin/repos/veb/VEBSITE/vebsite/node_modules unbuild sassyfilters@0.1.4
192 info postuninstall sassyfilters@0.1.4
193 error sassyfilters@0.1.4 install: `bundle install --path .`
193 error Exit status 127
194 error Failed at the sassyfilters@0.1.4 install script.
194 error This is most likely a problem with the sassyfilters package,
194 error not with npm itself.
194 error Tell the author that this fails on your system:
194 error     bundle install --path .
194 error You can get their info via:
194 error     npm owner ls sassyfilters
194 error There is likely additional logging output above.
195 error System Darwin 13.4.0
196 error command "node" "/usr/local/bin/npm" "install" "sassyfilters" "--save"
197 error cwd /Users/rayarvin/repos/veb/VEBSITE/vebsite
198 error node -v v0.10.28
199 error npm -v 1.4.11
200 error code ELIFECYCLE
201 verbose exit [ 1, true ]
